2026-06-18T01:26:58.781496196Z [inf]  scheduling build on Metal builder "builder-ynhqiw"
2026-06-18T01:27:01.210454827Z [inf]  unpacking archive
2026-06-18T01:27:01.314819956Z [inf]  uploading snapshot
2026-06-18T01:27:01.316828710Z [inf]  using build driver railpack-v0.27.2
2026-06-18T01:27:01.422433549Z [err]   INFO No package manager inferred, using npm default
2026-06-18T01:27:01.481499791Z [inf]                     
2026-06-18T01:27:01.481503217Z [inf]  [38;2;125;86;243m╭─────────────────╮[0m
2026-06-18T01:27:01.481504428Z [inf]  [38;2;125;86;243m│[0m Railpack 0.27.2 [38;2;125;86;243m│[0m
2026-06-18T01:27:01.481505540Z [inf]  [38;2;125;86;243m╰─────────────────╯[0m
2026-06-18T01:27:01.481506231Z [inf]  
2026-06-18T01:27:01.481507793Z [inf]    [97m↳ Detected Node[0m
2026-06-18T01:27:01.481509666Z [inf]    [97m↳ Using npm package manager[0m
2026-06-18T01:27:01.481510488Z [inf]              
2026-06-18T01:27:01.481511299Z [inf]    [1mPackages[0m  
2026-06-18T01:27:01.481512120Z [inf]    [38;5;238m──────────[0m
2026-06-18T01:27:01.481514243Z [inf]    [95mnode[0m  [38;5;238m│[0m  [96m22.22.3[0m  [38;5;238m│[0m  railpack default (22)
2026-06-18T01:27:01.481514914Z [inf]              
2026-06-18T01:27:01.481515565Z [inf]    [1mSteps[0m     
2026-06-18T01:27:01.481516426Z [inf]    [38;5;238m──────────[0m
2026-06-18T01:27:01.481517097Z [inf]    [95m▸ install[0m
2026-06-18T01:27:01.481517828Z [inf]      [38;5;245m$[0m [1mnpm ci[0m
2026-06-18T01:27:01.481518630Z [inf]           
2026-06-18T01:27:01.481519351Z [inf]    [95m▸ build[0m
2026-06-18T01:27:01.481520042Z [inf]      [38;5;245m$[0m [1mnpm install[0m
2026-06-18T01:27:01.481521043Z [inf]              
2026-06-18T01:27:01.481521674Z [inf]    [1mDeploy[0m    
2026-06-18T01:27:01.481522345Z [inf]    [38;5;238m──────────[0m
2026-06-18T01:27:01.481524338Z [inf]      [38;5;245m$[0m [1mnode server/server.js[0m
2026-06-18T01:27:01.481524979Z [inf]  
2026-06-18T01:27:01.589484932Z [inf]  resolve image config for docker-image://ghcr.io/railwayapp/railpack-frontend:v0.27.2
2026-06-18T01:27:01.907777556Z [inf]  resolve image config for docker-image://ghcr.io/railwayapp/railpack-frontend:v0.27.2
2026-06-18T01:27:01.908116244Z [inf]  docker-image://ghcr.io/railwayapp/railpack-frontend:v0.27.2@sha256:9e0c6e10584d8b4e396d5e024f2fe6e2fc9f568436ad75614575b3d589400374
2026-06-18T01:27:01.908269103Z [inf]  docker-image://ghcr.io/railwayapp/railpack-frontend:v0.27.2@sha256:9e0c6e10584d8b4e396d5e024f2fe6e2fc9f568436ad75614575b3d589400374
2026-06-18T01:27:01.987568223Z [inf]  docker-image://ghcr.io/railwayapp/railpack-frontend:v0.27.2@sha256:9e0c6e10584d8b4e396d5e024f2fe6e2fc9f568436ad75614575b3d589400374
2026-06-18T01:27:01.987603346Z [inf]  docker-image://ghcr.io/railwayapp/railpack-frontend:v0.27.2@sha256:9e0c6e10584d8b4e396d5e024f2fe6e2fc9f568436ad75614575b3d589400374
2026-06-18T01:27:02.341991327Z [inf]  load build definition from ./railpack-plan.json
2026-06-18T01:27:02.342135724Z [inf]  load build definition from ./railpack-plan.json
2026-06-18T01:27:02.342450436Z [inf]  load build definition from ./railpack-plan.json
2026-06-18T01:27:02.450331891Z [inf]  load build definition from ./railpack-plan.json
2026-06-18T01:27:04.694993807Z [inf]  copy /mise/shims
2026-06-18T01:27:04.694997132Z [inf]  copy /usr/local/bin/mise
2026-06-18T01:27:04.694998364Z [inf]  create mise config
2026-06-18T01:27:04.694999135Z [inf]  copy server/package.json
2026-06-18T01:27:04.695000126Z [inf]  loading .
2026-06-18T01:27:04.695000747Z [inf]  mkdir /etc/mise
2026-06-18T01:27:04.695001348Z [inf]  docker-image://ghcr.io/railwayapp/railpack-builder:mise-2026.6.10
2026-06-18T01:27:04.695001779Z [inf]  install apt packages: libatomic1
2026-06-18T01:27:04.695004653Z [inf]  [railpack] secrets hash
2026-06-18T01:27:04.695006005Z [inf]  install mise packages: node
2026-06-18T01:27:04.695006546Z [inf]  copy server/package-lock.json
2026-06-18T01:27:04.695007647Z [inf]  copy package-lock.json
2026-06-18T01:27:04.695008258Z [inf]  copy / /app
2026-06-18T01:27:04.695008799Z [inf]  npm ci
2026-06-18T01:27:04.695009330Z [inf]  docker-image://ghcr.io/railwayapp/railpack-runtime:mise-2026.6.10
2026-06-18T01:27:04.695009971Z [inf]  mkdir -p /app/node_modules/.cache
2026-06-18T01:27:04.695011253Z [inf]  copy package.json
2026-06-18T01:27:04.695011764Z [inf]  npm install
2026-06-18T01:27:04.695012285Z [inf]  copy .
2026-06-18T01:27:04.695012805Z [inf]  copy /app/node_modules
2026-06-18T01:27:04.695013326Z [inf]  copy /etc/mise/config.toml
2026-06-18T01:27:04.695013847Z [inf]  copy /mise/installs
2026-06-18T01:27:04.695014357Z [inf]  copy /root/.local/state/mise
2026-06-18T01:27:04.695025584Z [inf]  [railpack] merge $packages:apt:runtime, $packages:mise, $build, $build
2026-06-18T01:27:04.695026516Z [inf]  copy /app
2026-06-18T01:27:04.695027027Z [inf]  copy /root/.cache
2026-06-18T01:27:04.695401729Z [inf]  docker-image://ghcr.io/railwayapp/railpack-runtime:mise-2026.6.10
2026-06-18T01:27:04.695404363Z [inf]  [railpack] secrets hash
2026-06-18T01:27:04.695476140Z [inf]  loading .
2026-06-18T01:27:04.695488389Z [inf]  docker-image://ghcr.io/railwayapp/railpack-builder:mise-2026.6.10
2026-06-18T01:27:05.031406688Z [inf]  docker-image://ghcr.io/railwayapp/railpack-builder:mise-2026.6.10
2026-06-18T01:27:05.035482404Z [inf]  docker-image://ghcr.io/railwayapp/railpack-runtime:mise-2026.6.10
2026-06-18T01:27:05.073833315Z [inf]  loading .
2026-06-18T01:27:05.073834557Z [inf]  [railpack] secrets hash
2026-06-18T01:27:05.616066548Z [inf]  loading .
2026-06-18T01:27:05.740971254Z [inf]  [railpack] secrets hash
2026-06-18T01:27:05.812888158Z [inf]  mkdir /etc/mise
2026-06-18T01:27:05.812902560Z [inf]  create mise config
2026-06-18T01:27:05.812904172Z [inf]  install mise packages: node
2026-06-18T01:27:05.812905184Z [inf]  mkdir -p /app/node_modules/.cache
2026-06-18T01:27:05.812905985Z [inf]  copy package-lock.json
2026-06-18T01:27:05.812906486Z [inf]  copy package.json
2026-06-18T01:27:05.812906926Z [inf]  copy server/package-lock.json
2026-06-18T01:27:05.812908248Z [inf]  copy server/package.json
2026-06-18T01:27:05.812909290Z [inf]  npm ci
2026-06-18T01:27:05.812916320Z [inf]  copy / /app
2026-06-18T01:27:06.665835895Z [inf]  copy / /app
2026-06-18T01:27:06.706083583Z [inf]  copy .
2026-06-18T01:27:07.071067662Z [inf]  copy .
2026-06-18T01:27:07.200569896Z [inf]  npm install
2026-06-18T01:27:08.360580369Z [inf]  npm warn config production Use `--omit=dev` instead.

2026-06-18T01:27:09.051139289Z [inf]  
up to date, audited 103 packages in 748ms

2026-06-18T01:27:09.051815193Z [inf]  
found 0 vulnerabilities

2026-06-18T01:27:10.585093924Z [inf]  npm install
2026-06-18T01:27:11.969804465Z [inf]  install apt packages: libatomic1
2026-06-18T01:27:11.969806278Z [inf]  copy /app/node_modules
2026-06-18T01:27:11.969998646Z [inf]  copy /root/.cache
2026-06-18T01:27:11.970000729Z [inf]  copy /mise/shims
2026-06-18T01:27:11.970001611Z [inf]  copy /mise/installs
2026-06-18T01:27:11.970002402Z [inf]  copy /usr/local/bin/mise
2026-06-18T01:27:11.970003543Z [inf]  copy /etc/mise/config.toml
2026-06-18T01:27:11.970004415Z [inf]  copy /root/.local/state/mise
2026-06-18T01:27:12.156742676Z [inf]  install apt packages: libatomic1
2026-06-18T01:27:12.156745209Z [inf]  copy /app/node_modules
2026-06-18T01:27:12.156746111Z [inf]  copy /root/.cache
2026-06-18T01:27:12.156746992Z [inf]  copy /root/.local/state/mise
2026-06-18T01:27:12.157214724Z [inf]  copy /app
2026-06-18T01:27:14.087904328Z [inf]  copy /app
2026-06-18T01:27:14.171282308Z [inf]  [railpack] merge $packages:apt:runtime, $packages:mise, $build, $build
2026-06-18T01:27:14.478132414Z [inf]  [railpack] merge $packages:apt:runtime, $packages:mise, $build, $build
2026-06-18T01:27:14.557605435Z [inf]  exporting to docker image format
2026-06-18T01:27:16.782571759Z [inf]  exporting to docker image format
2026-06-18T01:27:19.489006786Z [inf]  containerimage.descriptor: eyJtZWRpYVR5cGUiOiJhcHBsaWNhdGlvbi92bmQub2NpLmltYWdlLm1hbmlmZXN0LnYxK2pzb24iLCJkaWdlc3QiOiJzaGEyNTY6YTU3ZTRmZGEyYWIzODg5MGZhNDUwMWZiN2RmYjNlYjFkYzMwMzkwMjg4MWM4NWYwMjVkYmRkY2M4ODI5Y2Y3NiIsInNpemUiOjIzODQsImFubm90YXRpb25zIjp7Im9yZy5vcGVuY29udGFpbmVycy5pbWFnZS5jcmVhdGVkIjoiMjAyNi0wNi0xOFQwMToyNzoxNVoifSwicGxhdGZvcm0iOnsiYXJjaGl0ZWN0dXJlIjoiYW1kNjQiLCJvcyI6ImxpbnV4In19
2026-06-18T01:27:19.489012305Z [inf]  containerimage.config.digest: sha256:649cf7aeecfd30da5ee1f798496d80547b2f3a600b3aeb83cc9a639be1b6fab7
2026-06-18T01:27:19.489015450Z [inf]  containerimage.digest: sha256:a57e4fda2ab38890fa4501fb7dfb3eb1dc303902881c85f025dbddcc8829cf76
2026-06-18T01:27:26.646472201Z [inf]  image push